mode: atomic
github.com/0xjmp/mcp-tradovate/cmd/mcp-tradovate/main.go:35.13,37.2 1 1
github.com/0xjmp/mcp-tradovate/cmd/mcp-tradovate/main.go:39.13,44.21 2 1
github.com/0xjmp/mcp-tradovate/cmd/mcp-tradovate/main.go:44.21,49.60 3 3
github.com/0xjmp/mcp-tradovate/cmd/mcp-tradovate/main.go:49.60,51.12 2 0
github.com/0xjmp/mcp-tradovate/cmd/mcp-tradovate/main.go:55.3,55.21 1 3
github.com/0xjmp/mcp-tradovate/cmd/mcp-tradovate/main.go:56.15,57.32 1 1
github.com/0xjmp/mcp-tradovate/cmd/mcp-tradovate/main.go:58.23,59.30 1 1
github.com/0xjmp/mcp-tradovate/cmd/mcp-tradovate/main.go:60.11,61.73 1 1
github.com/0xjmp/mcp-tradovate/cmd/mcp-tradovate/main.go:65.2,65.38 1 1
github.com/0xjmp/mcp-tradovate/cmd/mcp-tradovate/main.go:65.38,67.3 1 0
github.com/0xjmp/mcp-tradovate/cmd/mcp-tradovate/main.go:70.39,72.16 2 1
github.com/0xjmp/mcp-tradovate/cmd/mcp-tradovate/main.go:72.16,75.3 2 1
github.com/0xjmp/mcp-tradovate/cmd/mcp-tradovate/main.go:77.2,84.4 1 0
github.com/0xjmp/mcp-tradovate/cmd/mcp-tradovate/main.go:87.50,92.64 2 6
github.com/0xjmp/mcp-tradovate/cmd/mcp-tradovate/main.go:92.64,94.3 1 0
github.com/0xjmp/mcp-tradovate/cmd/mcp-tradovate/main.go:97.53,98.15 1 5
github.com/0xjmp/mcp-tradovate/cmd/mcp-tradovate/main.go:98.15,100.3 1 1
github.com/0xjmp/mcp-tradovate/cmd/mcp-tradovate/main.go:101.2,109.41 2 5
github.com/0xjmp/mcp-tradovate/internal/client/tradovate.go:58.44,65.2 1 19
github.com/0xjmp/mcp-tradovate/internal/client/tradovate.go:68.50,70.2 1 18
github.com/0xjmp/mcp-tradovate/internal/client/tradovate.go:73.65,84.16 3 5
github.com/0xjmp/mcp-tradovate/internal/client/tradovate.go:84.16,86.3 1 0
github.com/0xjmp/mcp-tradovate/internal/client/tradovate.go:88.2,89.16 2 5
github.com/0xjmp/mcp-tradovate/internal/client/tradovate.go:89.16,91.3 1 0
github.com/0xjmp/mcp-tradovate/internal/client/tradovate.go:93.2,96.16 3 5
github.com/0xjmp/mcp-tradovate/internal/client/tradovate.go:96.16,98.3 1 1
github.com/0xjmp/mcp-tradovate/internal/client/tradovate.go:99.2,102.69 3 4
github.com/0xjmp/mcp-tradovate/internal/client/tradovate.go:102.69,104.3 1 1
github.com/0xjmp/mcp-tradovate/internal/client/tradovate.go:106.2,106.30 1 3
github.com/0xjmp/mcp-tradovate/internal/client/tradovate.go:106.30,108.3 1 2
github.com/0xjmp/mcp-tradovate/internal/client/tradovate.go:110.2,111.23 2 1
github.com/0xjmp/mcp-tradovate/internal/client/tradovate.go:115.51,117.2 1 1
github.com/0xjmp/mcp-tradovate/internal/client/tradovate.go:120.67,122.16 2 2
github.com/0xjmp/mcp-tradovate/internal/client/tradovate.go:122.16,124.3 1 1
github.com/0xjmp/mcp-tradovate/internal/client/tradovate.go:125.2,128.69 3 1
github.com/0xjmp/mcp-tradovate/internal/client/tradovate.go:128.69,130.3 1 0
github.com/0xjmp/mcp-tradovate/internal/client/tradovate.go:132.2,132.22 1 1
github.com/0xjmp/mcp-tradovate/internal/client/tradovate.go:135.83,137.16 2 2
github.com/0xjmp/mcp-tradovate/internal/client/tradovate.go:137.16,139.3 1 1
github.com/0xjmp/mcp-tradovate/internal/client/tradovate.go:140.2,143.67 3 1
github.com/0xjmp/mcp-tradovate/internal/client/tradovate.go:143.67,145.3 1 0
github.com/0xjmp/mcp-tradovate/internal/client/tradovate.go:147.2,147.21 1 1
github.com/0xjmp/mcp-tradovate/internal/client/tradovate.go:150.72,152.16 2 2
github.com/0xjmp/mcp-tradovate/internal/client/tradovate.go:152.16,154.3 1 1
github.com/0xjmp/mcp-tradovate/internal/client/tradovate.go:155.2,157.38 2 1
github.com/0xjmp/mcp-tradovate/internal/client/tradovate.go:157.38,159.3 1 0
github.com/0xjmp/mcp-tradovate/internal/client/tradovate.go:161.2,161.12 1 1
github.com/0xjmp/mcp-tradovate/internal/client/tradovate.go:165.81,167.16 2 2
github.com/0xjmp/mcp-tradovate/internal/client/tradovate.go:167.16,169.3 1 1
github.com/0xjmp/mcp-tradovate/internal/client/tradovate.go:170.2,173.72 3 1
github.com/0xjmp/mcp-tradovate/internal/client/tradovate.go:173.72,175.3 1 0
github.com/0xjmp/mcp-tradovate/internal/client/tradovate.go:177.2,177.26 1 1
github.com/0xjmp/mcp-tradovate/internal/client/tradovate.go:180.58,182.16 2 2
github.com/0xjmp/mcp-tradovate/internal/client/tradovate.go:182.16,184.3 1 1
github.com/0xjmp/mcp-tradovate/internal/client/tradovate.go:185.2,187.38 2 1
github.com/0xjmp/mcp-tradovate/internal/client/tradovate.go:187.38,189.3 1 0
github.com/0xjmp/mcp-tradovate/internal/client/tradovate.go:191.2,191.12 1 1
github.com/0xjmp/mcp-tradovate/internal/client/tradovate.go:194.72,196.16 2 2
github.com/0xjmp/mcp-tradovate/internal/client/tradovate.go:196.16,198.3 1 1
github.com/0xjmp/mcp-tradovate/internal/client/tradovate.go:199.2,202.66 3 1
github.com/0xjmp/mcp-tradovate/internal/client/tradovate.go:202.66,204.3 1 0
github.com/0xjmp/mcp-tradovate/internal/client/tradovate.go:206.2,206.19 1 1
github.com/0xjmp/mcp-tradovate/internal/client/tradovate.go:209.69,211.16 2 2
github.com/0xjmp/mcp-tradovate/internal/client/tradovate.go:211.16,213.3 1 1
github.com/0xjmp/mcp-tradovate/internal/client/tradovate.go:214.2,217.70 3 1
github.com/0xjmp/mcp-tradovate/internal/client/tradovate.go:217.70,219.3 1 0
github.com/0xjmp/mcp-tradovate/internal/client/tradovate.go:221.2,221.23 1 1
github.com/0xjmp/mcp-tradovate/internal/client/tradovate.go:225.69,227.16 2 2
github.com/0xjmp/mcp-tradovate/internal/client/tradovate.go:227.16,229.3 1 1
github.com/0xjmp/mcp-tradovate/internal/client/tradovate.go:230.2,233.70 3 1
github.com/0xjmp/mcp-tradovate/internal/client/tradovate.go:233.70,235.3 1 0
github.com/0xjmp/mcp-tradovate/internal/client/tradovate.go:237.2,237.23 1 1
github.com/0xjmp/mcp-tradovate/internal/client/tradovate.go:240.85,242.16 2 2
github.com/0xjmp/mcp-tradovate/internal/client/tradovate.go:242.16,244.3 1 1
github.com/0xjmp/mcp-tradovate/internal/client/tradovate.go:245.2,248.71 3 1
github.com/0xjmp/mcp-tradovate/internal/client/tradovate.go:248.71,250.3 1 0
github.com/0xjmp/mcp-tradovate/internal/client/tradovate.go:252.2,252.25 1 1
github.com/0xjmp/mcp-tradovate/internal/client/tradovate.go:255.141,264.16 3 2
github.com/0xjmp/mcp-tradovate/internal/client/tradovate.go:264.16,266.3 1 1
github.com/0xjmp/mcp-tradovate/internal/client/tradovate.go:267.2,270.65 3 1
github.com/0xjmp/mcp-tradovate/internal/client/tradovate.go:270.65,272.3 1 0
github.com/0xjmp/mcp-tradovate/internal/client/tradovate.go:274.2,274.18 1 1
github.com/0xjmp/mcp-tradovate/internal/client/tradovate.go:277.104,279.17 2 23
github.com/0xjmp/mcp-tradovate/internal/client/tradovate.go:279.17,281.17 2 7
github.com/0xjmp/mcp-tradovate/internal/client/tradovate.go:281.17,283.4 1 1
github.com/0xjmp/mcp-tradovate/internal/client/tradovate.go:284.3,284.41 1 6
github.com/0xjmp/mcp-tradovate/internal/client/tradovate.go:287.2,288.16 2 22
github.com/0xjmp/mcp-tradovate/internal/client/tradovate.go:288.16,290.3 1 1
github.com/0xjmp/mcp-tradovate/internal/client/tradovate.go:292.2,293.25 2 21
github.com/0xjmp/mcp-tradovate/internal/client/tradovate.go:293.25,295.3 1 20
github.com/0xjmp/mcp-tradovate/internal/client/tradovate.go:297.2,298.16 2 21
github.com/0xjmp/mcp-tradovate/internal/client/tradovate.go:298.16,300.3 1 1
github.com/0xjmp/mcp-tradovate/internal/client/tradovate.go:302.2,302.28 1 20
github.com/0xjmp/mcp-tradovate/internal/client/tradovate.go:302.28,306.69 2 10
github.com/0xjmp/mcp-tradovate/internal/client/tradovate.go:306.69,308.4 1 0
github.com/0xjmp/mcp-tradovate/internal/client/tradovate.go:309.3,310.78 2 10
github.com/0xjmp/mcp-tradovate/internal/client/tradovate.go:313.2,313.18 1 10
github.com/0xjmp/mcp-tradovate/internal/handlers/handlers.go:19.77,29.70 1 24
github.com/0xjmp/mcp-tradovate/internal/handlers/handlers.go:29.70,31.5 1 1
github.com/0xjmp/mcp-tradovate/internal/handlers/handlers.go:36.70,38.5 1 1
github.com/0xjmp/mcp-tradovate/internal/handlers/handlers.go:78.70,81.19 3 2
github.com/0xjmp/mcp-tradovate/internal/handlers/handlers.go:81.19,83.6 1 1
github.com/0xjmp/mcp-tradovate/internal/handlers/handlers.go:84.5,84.49 1 1
github.com/0xjmp/mcp-tradovate/internal/handlers/handlers.go:95.70,98.5 2 2
github.com/0xjmp/mcp-tradovate/internal/handlers/handlers.go:103.70,105.5 1 1
github.com/0xjmp/mcp-tradovate/internal/handlers/handlers.go:115.70,118.5 2 1
github.com/0xjmp/mcp-tradovate/internal/handlers/handlers.go:140.70,142.19 2 3
github.com/0xjmp/mcp-tradovate/internal/handlers/handlers.go:142.19,144.6 1 1
github.com/0xjmp/mcp-tradovate/internal/handlers/handlers.go:146.5,147.19 2 2
github.com/0xjmp/mcp-tradovate/internal/handlers/handlers.go:147.19,149.6 1 1
github.com/0xjmp/mcp-tradovate/internal/handlers/handlers.go:151.5,156.6 1 1
github.com/0xjmp/mcp-tradovate/internal/handlers/handlers.go:193.70,196.5 2 1
github.com/0xjmp/mcp-tradovate/internal/handlers/handlers.go:201.77,202.37 1 24
github.com/0xjmp/mcp-tradovate/internal/handlers/handlers.go:202.37,204.3 1 2
github.com/0xjmp/mcp-tradovate/internal/handlers/handlers.go:207.75,208.66 1 24
github.com/0xjmp/mcp-tradovate/internal/handlers/handlers.go:208.66,211.40 2 4
github.com/0xjmp/mcp-tradovate/internal/handlers/handlers.go:211.40,212.35 1 17
github.com/0xjmp/mcp-tradovate/internal/handlers/handlers.go:212.35,214.5 1 1
github.com/0xjmp/mcp-tradovate/internal/handlers/handlers.go:218.3,219.10 2 3
github.com/0xjmp/mcp-tradovate/internal/handlers/handlers.go:219.10,221.4 1 1
github.com/0xjmp/mcp-tradovate/internal/handlers/handlers.go:223.3,224.10 2 2
github.com/0xjmp/mcp-tradovate/internal/handlers/handlers.go:224.10,226.4 1 0
github.com/0xjmp/mcp-tradovate/internal/handlers/handlers.go:228.3,229.10 2 2
github.com/0xjmp/mcp-tradovate/internal/handlers/handlers.go:229.10,231.4 1 0
github.com/0xjmp/mcp-tradovate/internal/handlers/handlers.go:233.3,234.10 2 2
github.com/0xjmp/mcp-tradovate/internal/handlers/handlers.go:234.10,236.4 1 0
github.com/0xjmp/mcp-tradovate/internal/handlers/handlers.go:238.3,239.10 2 2
github.com/0xjmp/mcp-tradovate/internal/handlers/handlers.go:239.10,241.4 1 0
github.com/0xjmp/mcp-tradovate/internal/handlers/handlers.go:244.3,245.27 2 2
github.com/0xjmp/mcp-tradovate/internal/handlers/handlers.go:245.27,247.11 2 2
github.com/0xjmp/mcp-tradovate/internal/handlers/handlers.go:247.11,249.5 1 1
github.com/0xjmp/mcp-tradovate/internal/handlers/handlers.go:250.4,250.20 1 1
github.com/0xjmp/mcp-tradovate/internal/handlers/handlers.go:253.3,262.34 2 1
github.com/0xjmp/mcp-tradovate/internal/handlers/handlers.go:266.78,267.66 1 24
github.com/0xjmp/mcp-tradovate/internal/handlers/handlers.go:267.66,269.10 2 7
github.com/0xjmp/mcp-tradovate/internal/handlers/handlers.go:269.10,271.4 1 1
github.com/0xjmp/mcp-tradovate/internal/handlers/handlers.go:273.3,274.28 2 6
github.com/0xjmp/mcp-tradovate/internal/handlers/handlers.go:274.28,276.4 1 1
github.com/0xjmp/mcp-tradovate/internal/handlers/handlers.go:278.3,279.29 2 5
github.com/0xjmp/mcp-tradovate/internal/handlers/handlers.go:279.29,281.4 1 1
github.com/0xjmp/mcp-tradovate/internal/handlers/handlers.go:283.3,284.32 2 4
github.com/0xjmp/mcp-tradovate/internal/handlers/handlers.go:284.32,286.4 1 1
github.com/0xjmp/mcp-tradovate/internal/handlers/handlers.go:288.3,289.30 2 3
github.com/0xjmp/mcp-tradovate/internal/handlers/handlers.go:289.30,291.4 1 1
github.com/0xjmp/mcp-tradovate/internal/handlers/handlers.go:293.3,300.43 2 2
