mode: set
github.com/0xjmp/mcp-tradovate/cmd/mcp-tradovate/main.go:38.13,40.2 1 1
github.com/0xjmp/mcp-tradovate/cmd/mcp-tradovate/main.go:42.13,47.21 2 1
github.com/0xjmp/mcp-tradovate/cmd/mcp-tradovate/main.go:47.21,52.60 3 1
github.com/0xjmp/mcp-tradovate/cmd/mcp-tradovate/main.go:52.60,54.12 2 1
github.com/0xjmp/mcp-tradovate/cmd/mcp-tradovate/main.go:58.3,58.21 1 1
github.com/0xjmp/mcp-tradovate/cmd/mcp-tradovate/main.go:59.15,60.32 1 1
github.com/0xjmp/mcp-tradovate/cmd/mcp-tradovate/main.go:61.23,62.30 1 0
github.com/0xjmp/mcp-tradovate/cmd/mcp-tradovate/main.go:63.11,64.73 1 1
github.com/0xjmp/mcp-tradovate/cmd/mcp-tradovate/main.go:68.2,68.38 1 1
github.com/0xjmp/mcp-tradovate/cmd/mcp-tradovate/main.go:68.38,70.3 1 0
github.com/0xjmp/mcp-tradovate/cmd/mcp-tradovate/main.go:73.39,75.16 2 1
github.com/0xjmp/mcp-tradovate/cmd/mcp-tradovate/main.go:75.16,78.3 2 1
github.com/0xjmp/mcp-tradovate/cmd/mcp-tradovate/main.go:80.2,87.4 1 1
github.com/0xjmp/mcp-tradovate/cmd/mcp-tradovate/main.go:90.50,95.64 2 1
github.com/0xjmp/mcp-tradovate/cmd/mcp-tradovate/main.go:95.64,97.3 1 1
github.com/0xjmp/mcp-tradovate/cmd/mcp-tradovate/main.go:100.53,101.15 1 1
github.com/0xjmp/mcp-tradovate/cmd/mcp-tradovate/main.go:101.15,103.3 1 1
github.com/0xjmp/mcp-tradovate/cmd/mcp-tradovate/main.go:104.2,112.64 2 1
github.com/0xjmp/mcp-tradovate/cmd/mcp-tradovate/main.go:112.64,114.3 1 1
github.com/0xjmp/mcp-tradovate/internal/handlers/handlers.go:25.67,29.70 1 1
github.com/0xjmp/mcp-tradovate/internal/handlers/handlers.go:29.70,31.5 1 1
github.com/0xjmp/mcp-tradovate/internal/handlers/handlers.go:35.70,37.5 1 1
github.com/0xjmp/mcp-tradovate/internal/handlers/handlers.go:41.70,43.5 1 1
github.com/0xjmp/mcp-tradovate/internal/handlers/handlers.go:51.70,53.55 2 1
github.com/0xjmp/mcp-tradovate/internal/handlers/handlers.go:53.55,55.6 1 1
github.com/0xjmp/mcp-tradovate/internal/handlers/handlers.go:56.5,56.49 1 1
github.com/0xjmp/mcp-tradovate/internal/handlers/handlers.go:61.70,64.5 2 1
github.com/0xjmp/mcp-tradovate/internal/handlers/handlers.go:68.70,70.5 1 1
github.com/0xjmp/mcp-tradovate/internal/handlers/handlers.go:93.86,95.2 1 1
github.com/0xjmp/mcp-tradovate/internal/handlers/handlers.go:106.75,107.66 1 1
github.com/0xjmp/mcp-tradovate/internal/handlers/handlers.go:107.66,110.40 2 1
github.com/0xjmp/mcp-tradovate/internal/handlers/handlers.go:110.40,111.35 1 1
github.com/0xjmp/mcp-tradovate/internal/handlers/handlers.go:111.35,113.5 1 1
github.com/0xjmp/mcp-tradovate/internal/handlers/handlers.go:117.3,118.10 2 1
github.com/0xjmp/mcp-tradovate/internal/handlers/handlers.go:118.10,120.4 1 1
github.com/0xjmp/mcp-tradovate/internal/handlers/handlers.go:122.3,123.10 2 1
github.com/0xjmp/mcp-tradovate/internal/handlers/handlers.go:123.10,125.4 1 0
github.com/0xjmp/mcp-tradovate/internal/handlers/handlers.go:127.3,128.10 2 1
github.com/0xjmp/mcp-tradovate/internal/handlers/handlers.go:128.10,130.4 1 1
github.com/0xjmp/mcp-tradovate/internal/handlers/handlers.go:132.3,133.10 2 1
github.com/0xjmp/mcp-tradovate/internal/handlers/handlers.go:133.10,135.4 1 0
github.com/0xjmp/mcp-tradovate/internal/handlers/handlers.go:137.3,138.10 2 1
github.com/0xjmp/mcp-tradovate/internal/handlers/handlers.go:138.10,140.4 1 0
github.com/0xjmp/mcp-tradovate/internal/handlers/handlers.go:143.3,144.27 2 1
github.com/0xjmp/mcp-tradovate/internal/handlers/handlers.go:144.27,146.11 2 1
github.com/0xjmp/mcp-tradovate/internal/handlers/handlers.go:146.11,148.5 1 1
github.com/0xjmp/mcp-tradovate/internal/handlers/handlers.go:149.4,149.20 1 1
github.com/0xjmp/mcp-tradovate/internal/handlers/handlers.go:152.3,161.34 2 1
github.com/0xjmp/mcp-tradovate/internal/handlers/handlers.go:172.78,173.66 1 1
github.com/0xjmp/mcp-tradovate/internal/handlers/handlers.go:173.66,175.10 2 1
github.com/0xjmp/mcp-tradovate/internal/handlers/handlers.go:175.10,177.4 1 1
github.com/0xjmp/mcp-tradovate/internal/handlers/handlers.go:179.3,180.28 2 1
github.com/0xjmp/mcp-tradovate/internal/handlers/handlers.go:180.28,182.4 1 1
github.com/0xjmp/mcp-tradovate/internal/handlers/handlers.go:184.3,185.29 2 1
github.com/0xjmp/mcp-tradovate/internal/handlers/handlers.go:185.29,187.4 1 1
github.com/0xjmp/mcp-tradovate/internal/handlers/handlers.go:189.3,190.32 2 1
github.com/0xjmp/mcp-tradovate/internal/handlers/handlers.go:190.32,192.4 1 1
github.com/0xjmp/mcp-tradovate/internal/handlers/handlers.go:194.3,195.30 2 1
github.com/0xjmp/mcp-tradovate/internal/handlers/handlers.go:195.30,197.4 1 1
github.com/0xjmp/mcp-tradovate/internal/handlers/handlers.go:199.3,206.43 2 1
github.com/0xjmp/mcp-tradovate/internal/handlers/handlers.go:213.78,214.66 1 1
github.com/0xjmp/mcp-tradovate/internal/handlers/handlers.go:214.66,216.10 2 1
github.com/0xjmp/mcp-tradovate/internal/handlers/handlers.go:216.10,218.4 1 1
github.com/0xjmp/mcp-tradovate/internal/handlers/handlers.go:220.3,221.10 2 1
github.com/0xjmp/mcp-tradovate/internal/handlers/handlers.go:221.10,223.4 1 1
github.com/0xjmp/mcp-tradovate/internal/handlers/handlers.go:225.3,225.21 1 1
github.com/0xjmp/mcp-tradovate/internal/handlers/handlers.go:225.21,227.4 1 1
github.com/0xjmp/mcp-tradovate/internal/handlers/handlers.go:229.3,229.47 1 1
github.com/0xjmp/mcp-tradovate/internal/handlers/handlers.go:239.82,240.66 1 1
github.com/0xjmp/mcp-tradovate/internal/handlers/handlers.go:240.66,242.10 2 1
github.com/0xjmp/mcp-tradovate/internal/handlers/handlers.go:242.10,244.4 1 1
github.com/0xjmp/mcp-tradovate/internal/handlers/handlers.go:246.3,247.10 2 1
github.com/0xjmp/mcp-tradovate/internal/handlers/handlers.go:247.10,249.4 1 1
github.com/0xjmp/mcp-tradovate/internal/handlers/handlers.go:251.3,251.21 1 1
github.com/0xjmp/mcp-tradovate/internal/handlers/handlers.go:251.21,253.4 1 0
github.com/0xjmp/mcp-tradovate/internal/handlers/handlers.go:255.3,256.10 2 1
github.com/0xjmp/mcp-tradovate/internal/handlers/handlers.go:256.10,258.4 1 0
github.com/0xjmp/mcp-tradovate/internal/handlers/handlers.go:260.3,261.17 2 1
github.com/0xjmp/mcp-tradovate/internal/handlers/handlers.go:261.17,263.4 1 1
github.com/0xjmp/mcp-tradovate/internal/handlers/handlers.go:265.3,266.10 2 1
github.com/0xjmp/mcp-tradovate/internal/handlers/handlers.go:266.10,268.4 1 0
github.com/0xjmp/mcp-tradovate/internal/handlers/handlers.go:270.3,271.17 2 1
github.com/0xjmp/mcp-tradovate/internal/handlers/handlers.go:271.17,273.4 1 1
github.com/0xjmp/mcp-tradovate/internal/handlers/handlers.go:275.3,275.32 1 1
github.com/0xjmp/mcp-tradovate/internal/handlers/handlers.go:275.32,277.4 1 1
github.com/0xjmp/mcp-tradovate/internal/handlers/handlers.go:279.3,280.10 2 1
github.com/0xjmp/mcp-tradovate/internal/handlers/handlers.go:280.10,282.4 1 1
github.com/0xjmp/mcp-tradovate/internal/handlers/handlers.go:284.3,284.81 1 1
github.com/0xjmp/mcp-tradovate/internal/handlers/handlers.go:291.78,292.66 1 1
github.com/0xjmp/mcp-tradovate/internal/handlers/handlers.go:292.66,294.10 2 1
github.com/0xjmp/mcp-tradovate/internal/handlers/handlers.go:294.10,296.4 1 1
github.com/0xjmp/mcp-tradovate/internal/handlers/handlers.go:298.3,299.10 2 1
github.com/0xjmp/mcp-tradovate/internal/handlers/handlers.go:299.10,301.4 1 1
github.com/0xjmp/mcp-tradovate/internal/handlers/handlers.go:303.3,303.20 1 1
github.com/0xjmp/mcp-tradovate/internal/handlers/handlers.go:303.20,305.4 1 1
github.com/0xjmp/mcp-tradovate/internal/handlers/handlers.go:307.3,307.46 1 1
github.com/0xjmp/mcp-tradovate/internal/handlers/handlers.go:313.85,314.33 1 1
github.com/0xjmp/mcp-tradovate/internal/handlers/handlers.go:314.33,315.34 1 1
github.com/0xjmp/mcp-tradovate/internal/handlers/handlers.go:315.34,317.4 1 1
github.com/0xjmp/mcp-tradovate/internal/handlers/handlers.go:319.2,319.12 1 1
github.com/0xjmp/mcp-tradovate/internal/handlers/handlers.go:324.74,325.27 1 1
github.com/0xjmp/mcp-tradovate/internal/handlers/handlers.go:326.15,327.16 1 1
github.com/0xjmp/mcp-tradovate/internal/handlers/handlers.go:328.10,329.67 1 1
github.com/0xjmp/mcp-tradovate/internal/handlers/handlers.go:335.72,336.27 1 1
github.com/0xjmp/mcp-tradovate/internal/handlers/handlers.go:337.14,338.16 1 1
github.com/0xjmp/mcp-tradovate/internal/handlers/handlers.go:339.10,340.68 1 1
github.com/0xjmp/mcp-tradovate/internal/client/tradovate.go:79.44,86.2 1 1
github.com/0xjmp/mcp-tradovate/internal/client/tradovate.go:90.50,92.2 1 1
github.com/0xjmp/mcp-tradovate/internal/client/tradovate.go:102.65,113.16 3 1
github.com/0xjmp/mcp-tradovate/internal/client/tradovate.go:113.16,115.3 1 0
github.com/0xjmp/mcp-tradovate/internal/client/tradovate.go:117.2,118.16 2 1
github.com/0xjmp/mcp-tradovate/internal/client/tradovate.go:118.16,120.3 1 0
github.com/0xjmp/mcp-tradovate/internal/client/tradovate.go:122.2,125.16 3 1
github.com/0xjmp/mcp-tradovate/internal/client/tradovate.go:125.16,127.3 1 1
github.com/0xjmp/mcp-tradovate/internal/client/tradovate.go:128.2,131.69 3 1
github.com/0xjmp/mcp-tradovate/internal/client/tradovate.go:131.69,133.3 1 1
github.com/0xjmp/mcp-tradovate/internal/client/tradovate.go:135.2,135.30 1 1
github.com/0xjmp/mcp-tradovate/internal/client/tradovate.go:135.30,137.3 1 1
github.com/0xjmp/mcp-tradovate/internal/client/tradovate.go:139.2,140.23 2 1
github.com/0xjmp/mcp-tradovate/internal/client/tradovate.go:145.51,147.2 1 1
github.com/0xjmp/mcp-tradovate/internal/client/tradovate.go:151.67,153.16 2 1
github.com/0xjmp/mcp-tradovate/internal/client/tradovate.go:153.16,155.3 1 1
github.com/0xjmp/mcp-tradovate/internal/client/tradovate.go:156.2,159.69 3 1
github.com/0xjmp/mcp-tradovate/internal/client/tradovate.go:159.69,161.3 1 1
github.com/0xjmp/mcp-tradovate/internal/client/tradovate.go:163.2,163.22 1 1
github.com/0xjmp/mcp-tradovate/internal/client/tradovate.go:169.83,171.16 2 1
github.com/0xjmp/mcp-tradovate/internal/client/tradovate.go:171.16,173.3 1 1
github.com/0xjmp/mcp-tradovate/internal/client/tradovate.go:174.2,177.67 3 1
github.com/0xjmp/mcp-tradovate/internal/client/tradovate.go:177.67,179.3 1 0
github.com/0xjmp/mcp-tradovate/internal/client/tradovate.go:181.2,181.21 1 1
github.com/0xjmp/mcp-tradovate/internal/client/tradovate.go:186.72,188.16 2 1
github.com/0xjmp/mcp-tradovate/internal/client/tradovate.go:188.16,190.3 1 1
github.com/0xjmp/mcp-tradovate/internal/client/tradovate.go:191.2,193.38 2 1
github.com/0xjmp/mcp-tradovate/internal/client/tradovate.go:193.38,195.3 1 0
github.com/0xjmp/mcp-tradovate/internal/client/tradovate.go:197.2,197.12 1 1
github.com/0xjmp/mcp-tradovate/internal/client/tradovate.go:203.81,205.16 2 1
github.com/0xjmp/mcp-tradovate/internal/client/tradovate.go:205.16,207.3 1 1
github.com/0xjmp/mcp-tradovate/internal/client/tradovate.go:208.2,211.72 3 1
github.com/0xjmp/mcp-tradovate/internal/client/tradovate.go:211.72,213.3 1 0
github.com/0xjmp/mcp-tradovate/internal/client/tradovate.go:215.2,215.26 1 1
github.com/0xjmp/mcp-tradovate/internal/client/tradovate.go:220.58,222.16 2 1
github.com/0xjmp/mcp-tradovate/internal/client/tradovate.go:222.16,224.3 1 1
github.com/0xjmp/mcp-tradovate/internal/client/tradovate.go:225.2,227.38 2 1
github.com/0xjmp/mcp-tradovate/internal/client/tradovate.go:227.38,229.3 1 0
github.com/0xjmp/mcp-tradovate/internal/client/tradovate.go:231.2,231.12 1 1
github.com/0xjmp/mcp-tradovate/internal/client/tradovate.go:237.72,239.16 2 1
github.com/0xjmp/mcp-tradovate/internal/client/tradovate.go:239.16,241.3 1 1
github.com/0xjmp/mcp-tradovate/internal/client/tradovate.go:242.2,245.66 3 1
github.com/0xjmp/mcp-tradovate/internal/client/tradovate.go:245.66,247.3 1 0
github.com/0xjmp/mcp-tradovate/internal/client/tradovate.go:249.2,249.19 1 1
github.com/0xjmp/mcp-tradovate/internal/client/tradovate.go:254.69,256.16 2 1
github.com/0xjmp/mcp-tradovate/internal/client/tradovate.go:256.16,258.3 1 1
github.com/0xjmp/mcp-tradovate/internal/client/tradovate.go:259.2,262.70 3 1
github.com/0xjmp/mcp-tradovate/internal/client/tradovate.go:262.70,264.3 1 1
github.com/0xjmp/mcp-tradovate/internal/client/tradovate.go:266.2,266.23 1 1
github.com/0xjmp/mcp-tradovate/internal/client/tradovate.go:271.69,273.16 2 1
github.com/0xjmp/mcp-tradovate/internal/client/tradovate.go:273.16,275.3 1 1
github.com/0xjmp/mcp-tradovate/internal/client/tradovate.go:276.2,279.70 3 1
github.com/0xjmp/mcp-tradovate/internal/client/tradovate.go:279.70,281.3 1 1
github.com/0xjmp/mcp-tradovate/internal/client/tradovate.go:283.2,283.23 1 1
github.com/0xjmp/mcp-tradovate/internal/client/tradovate.go:289.85,291.16 2 1
github.com/0xjmp/mcp-tradovate/internal/client/tradovate.go:291.16,293.3 1 1
github.com/0xjmp/mcp-tradovate/internal/client/tradovate.go:294.2,297.71 3 1
github.com/0xjmp/mcp-tradovate/internal/client/tradovate.go:297.71,299.3 1 1
github.com/0xjmp/mcp-tradovate/internal/client/tradovate.go:301.2,301.25 1 1
github.com/0xjmp/mcp-tradovate/internal/client/tradovate.go:310.141,319.16 3 1
github.com/0xjmp/mcp-tradovate/internal/client/tradovate.go:319.16,321.3 1 1
github.com/0xjmp/mcp-tradovate/internal/client/tradovate.go:322.2,325.65 3 1
github.com/0xjmp/mcp-tradovate/internal/client/tradovate.go:325.65,327.3 1 1
github.com/0xjmp/mcp-tradovate/internal/client/tradovate.go:329.2,329.18 1 1
github.com/0xjmp/mcp-tradovate/internal/client/tradovate.go:338.104,340.17 2 1
github.com/0xjmp/mcp-tradovate/internal/client/tradovate.go:340.17,342.17 2 1
github.com/0xjmp/mcp-tradovate/internal/client/tradovate.go:342.17,344.4 1 1
github.com/0xjmp/mcp-tradovate/internal/client/tradovate.go:345.3,345.41 1 1
github.com/0xjmp/mcp-tradovate/internal/client/tradovate.go:348.2,349.16 2 1
github.com/0xjmp/mcp-tradovate/internal/client/tradovate.go:349.16,351.3 1 1
github.com/0xjmp/mcp-tradovate/internal/client/tradovate.go:353.2,354.25 2 1
github.com/0xjmp/mcp-tradovate/internal/client/tradovate.go:354.25,356.3 1 1
github.com/0xjmp/mcp-tradovate/internal/client/tradovate.go:358.2,359.16 2 1
github.com/0xjmp/mcp-tradovate/internal/client/tradovate.go:359.16,361.3 1 1
github.com/0xjmp/mcp-tradovate/internal/client/tradovate.go:363.2,363.28 1 1
github.com/0xjmp/mcp-tradovate/internal/client/tradovate.go:363.28,367.69 2 1
github.com/0xjmp/mcp-tradovate/internal/client/tradovate.go:367.69,369.4 1 1
github.com/0xjmp/mcp-tradovate/internal/client/tradovate.go:370.3,371.78 2 1
github.com/0xjmp/mcp-tradovate/internal/client/tradovate.go:374.2,374.18 1 1
